147 files found matching the pattern.
✅ Step 3: Data split and folders copied.
🔄 Step 4: Moving .nii.gz files into their subject folders...
✅ Moved UPENN-GBM-00294_11_segm.nii.gz → ../data/Train_data/UPENN-GBM-00294_11
✅ Moved UPENN-GBM-00020_11_segm.nii.gz → ../data/Train_data/UPENN-GBM-00020_11
✅ Moved UPENN-GBM-00391_11_segm.nii.gz → ../data/Train_data/UPENN-GBM-00391_11
✅ Moved UPENN-GBM-00178_11_segm.nii.gz → ../data/Train_data/UPENN-GBM-00178_11
✅ Moved UPENN-GBM-00158_11_segm.nii.gz → ../data/Train_data/UPENN-GBM-00158_11
✅ Moved UPENN-GBM-00054_11_segm.nii.gz → ../data/Train_data/UPENN-GBM-00054_11
✅ Moved UPENN-GBM-00368_11_segm.nii.gz → ../data/Train_data/UPENN-GBM-00368_11
✅ Moved UPENN-GBM-00196_11_segm.nii.gz → ../data/Train_data/UPENN-GBM-00196_11
✅ Moved UPENN-GBM-00043_11_segm.nii.gz → ../data/Train_data/UPENN-GBM-00043_11
✅ Moved UPENN-GBM-00140_11_segm.nii.gz → ../data/Train_data/UPENN-GBM-00140_11
✅ Moved UPENN-GBM-00390_11_segm.nii.gz → ../data/Train_data/UPENN-GBM-00390_11
✅ Moved UPENN-GBM-00102_11_segm.nii.gz → ../data/Train_data/UPENN-GBM-00102_11
✅ Moved UPENN-GBM-00438_11_segm.nii.gz → ../data/Train_data/UPENN-GBM-00438_11
✅ Moved UPENN-GBM-00277_11_segm.nii.gz → ../data/Train_data/UPENN-GBM-00277_11
✅ Moved UPENN-GBM-00174_11_segm.nii.gz → ../data/Train_data/UPENN-GBM-00174_11
✅ Moved UPENN-GBM-00030_11_segm.nii.gz → ../data/Train_data/UPENN-GBM-00030_11
✅ Moved UPENN-GBM-00201_11_segm.nii.gz → ../data/Train_data/UPENN-GBM-00201_11
✅ Moved UPENN-GBM-00018_11_segm.nii.gz → ../data/Train_data/UPENN-GBM-00018_11
✅ Moved UPENN-GBM-00356_11_segm.nii.gz → ../data/Train_data/UPENN-GBM-00356_11
✅ Moved UPENN-GBM-00147_11_segm.nii.gz → ../data/Train_data/UPENN-GBM-00147_11
✅ Moved UPENN-GBM-00091_11_segm.nii.gz → ../data/Train_data/UPENN-GBM-00091_11
✅ Moved UPENN-GBM-00066_11_segm.nii.gz → ../data/Train_data/UPENN-GBM-00066_11
✅ Moved UPENN-GBM-00062_11_segm.nii.gz → ../data/Train_data/UPENN-GBM-00062_11
✅ Moved UPENN-GBM-00146_11_segm.nii.gz → ../data/Train_data/UPENN-GBM-00146_11
✅ Moved UPENN-GBM-00059_11_segm.nii.gz → ../data/Train_data/UPENN-GBM-00059_11
✅ Moved UPENN-GBM-00192_11_segm.nii.gz → ../data/Train_data/UPENN-GBM-00192_11
✅ Moved UPENN-GBM-00253_11_segm.nii.gz → ../data/Train_data/UPENN-GBM-00253_11
✅ Moved UPENN-GBM-00312_11_segm.nii.gz → ../data/Train_data/UPENN-GBM-00312_11
✅ Moved UPENN-GBM-00217_11_segm.nii.gz → ../data/Train_data/UPENN-GBM-00217_11
✅ Moved UPENN-GBM-00029_11_segm.nii.gz → ../data/Train_data/UPENN-GBM-00029_11
✅ Moved UPENN-GBM-00148_11_segm.nii.gz → ../data/Train_data/UPENN-GBM-00148_11
✅ Moved UPENN-GBM-00261_11_segm.nii.gz → ../data/Train_data/UPENN-GBM-00261_11
✅ Moved UPENN-GBM-00035_11_segm.nii.gz → ../data/Validate_data/UPENN-GBM-00035_11
✅ Moved UPENN-GBM-00154_11_segm.nii.gz → ../data/Validate_data/UPENN-GBM-00154_11
✅ Moved UPENN-GBM-00014_11_segm.nii.gz → ../data/Validate_data/UPENN-GBM-00014_11
✅ Moved UPENN-GBM-00073_11_segm.nii.gz → ../data/Validate_data/UPENN-GBM-00073_11
✅ Moved UPENN-GBM-00398_11_segm.nii.gz → ../data/Test_data/UPENN-GBM-00398_11
✅ Moved UPENN-GBM-00011_11_segm.nii.gz → ../data/Test_data/UPENN-GBM-00011_11
✅ Moved UPENN-GBM-00437_11_segm.nii.gz → ../data/Test_data/UPENN-GBM-00437_11
✅ Moved UPENN-GBM-00118_11_segm.nii.gz → ../data/Test_data/UPENN-GBM-00118_11
🎉 Done: All files organized and split.
