32
32
32
32
Now preparing image and masks number:  0
[0 1 2 3]
Save Me
Now preparing image and masks number:  1
[0 1 2 3]
Save Me
Now preparing image and masks number:  2
[0 1 2 3]
Save Me
Now preparing image and masks number:  3
[0 1 2 3]
Save Me
Now preparing image and masks number:  4
[0 1 2 3]
Save Me
Now preparing image and masks number:  5
[0 1 2 3]
Save Me
Now preparing image and masks number:  6
[0 1 2 3]
Save Me
Now preparing image and masks number:  7
[0 1 2 3]
Save Me
Now preparing image and masks number:  8
[0 1 2 3]
Save Me
Now preparing image and masks number:  9
[0 1 2 3]
Save Me
Now preparing image and masks number:  10
[0 1 2 3]
Now preparing image and masks number:  11
[0 1 2 3]
Save Me
Now preparing image and masks number:  12
[0 1 2 3]
Save Me
Now preparing image and masks number:  13
[0 1 2 3]
Save Me
Now preparing image and masks number:  14
[0 1 2 3]
Save Me
Now preparing image and masks number:  15
[0 1 2 3]
Save Me
Now preparing image and masks number:  16
[0 1 2 3]
Now preparing image and masks number:  17
[0 1 2 3]
Save Me
Now preparing image and masks number:  18
[0 1 2 3]
Now preparing image and masks number:  19
[0 1 2 3]
Save Me
Now preparing image and masks number:  20
[0 2 3]
Now preparing image and masks number:  21
[0 1 2 3]
Save Me
Now preparing image and masks number:  22
[0 1 2 3]
Save Me
Now preparing image and masks number:  23
[0 1 2 3]
Save Me
Now preparing image and masks number:  24
[0 1 2 3]
Save Me
Now preparing image and masks number:  25
[0 1 2 3]
Save Me
Now preparing image and masks number:  26
[0 1 2 3]
Save Me
Now preparing image and masks number:  27
[0 1 2 3]
Save Me
Now preparing image and masks number:  28
[0 1 2 3]
Save Me
Now preparing image and masks number:  29
[0 1 2 3]
Save Me
Now preparing image and masks number:  30
[0 1 2 3]
Save Me
Now preparing image and masks number:  31
[0 1 2 3]
Save Me
4
4
4
4
Now preparing image and masks number:  0
[0 1 2 3]
Save Me
Now preparing image and masks number:  1
[0 1 2 3]
Save Me
Now preparing image and masks number:  2
[0 1 2 3]
Save Me
Now preparing image and masks number:  3
[0 1 2 3]
Save Me
All images and masks have been prepared and saved successfully.
